# JRE version: OpenJDK Runtime Environment (11.0.10) (build 11.0.10+0-b96-7249189)
# Java VM: OpenJDK 64-Bit Server VM (11.0.10+0-b96-7249189, mixed mode, tiered, compressed oops, g1 gc, windows-amd64)
Heap:
 garbage-first heap   total 391168K, used 155917K [0x0000000080000000, 0x0000000100000000)
  region size 1024K, 33 young (33792K), 15 survivors (15360K)
 Metaspace       used 123564K, capacity 127549K, committed 127732K, reserved 1161216K
  class space    used 15442K, capacity 16863K, committed 16972K, reserved 1048576K
GC Heap History (20 events):
Event: 217.092 GC heap before
{Heap before GC invocations=70 (full 0):
 garbage-first heap   total 391168K, used 330149K [0x0000000080000000, 0x0000000100000000)
  region size 1024K, 218 young (223232K), 13 survivors (13312K)
 Metaspace       used 106878K, capacity 109641K, committed 109940K, reserved 1144832K
  class space    used 13440K, capacity 14467K, committed 14540K, reserved 1048576K
}
Event: 217.100 GC heap after
{Heap after GC invocations=71 (full 0):
 garbage-first heap   total 391168K, used 120542K [0x0000000080000000, 0x0000000100000000)
  region size 1024K, 19 young (19456K), 19 survivors (19456K)
 Metaspace       used 106878K, capacity 109641K, committed 109940K, reserved 1144832K
  class space    used 13440K, capacity 14467K, committed 14540K, reserved 1048576K
}
Event: 217.391 GC heap before
{Heap before GC invocations=71 (full 0):
 garbage-first heap   total 391168K, used 326366K [0x0000000080000000, 0x0000000100000000)
  region size 1024K, 219 young (224256K), 19 survivors (19456K)
 Metaspace       used 107362K, capacity 110123K, committed 110196K, reserved 1144832K
  class space    used 13483K, capacity 14499K, committed 14540K, reserved 1048576K
}
Event: 217.398 GC heap after
{Heap after GC invocations=72 (full 0):
 garbage-first heap   total 391168K, used 120191K [0x0000000080000000, 0x0000000100000000)
  region size 1024K, 13 young (13312K), 13 survivors (13312K)
 Metaspace       used 107362K, capacity 110123K, committed 110196K, reserved 1144832K
  class space    used 13483K, capacity 14499K, committed 14540K, reserved 1048576K
}
Event: 224.262 GC heap before
{Heap before GC invocations=72 (full 0):
 garbage-first heap   total 391168K, used 330111K [0x0000000080000000, 0x0000000100000000)
  region size 1024K, 217 young (222208K), 13 survivors (13312K)
 Metaspace       used 108185K, capacity 110959K, committed 111092K, reserved 1146880K
  class space    used 13546K, capacity 14552K, committed 14668K, reserved 1048576K
}
Event: 224.267 GC heap after
{Heap after GC invocations=73 (full 0):
 garbage-first heap   total 391168K, used 119648K [0x0000000080000000, 0x0000000100000000)
  region size 1024K, 11 young (11264K), 11 survivors (11264K)
 Metaspace       used 108185K, capacity 110959K, committed 111092K, reserved 1146880K
  class space    used 13546K, capacity 14552K, committed 14668K, reserved 1048576K
}
Event: 224.828 GC heap before
{Heap before GC invocations=73 (full 0):
 garbage-first heap   total 391168K, used 333664K [0x0000000080000000, 0x0000000100000000)
  region size 1024K, 218 young (223232K), 11 survivors (11264K)
 Metaspace       used 108443K, capacity 111247K, committed 111348K, reserved 1146880K
  class space    used 13564K, capacity 14584K, committed 14668K, reserved 1048576K
}
Event: 224.834 GC heap after
{Heap after GC invocations=74 (full 0):
 garbage-first heap   total 391168K, used 121339K [0x0000000080000000, 0x0000000100000000)
  region size 1024K, 13 young (13312K), 13 survivors (13312K)
 Metaspace       used 108443K, capacity 111247K, committed 111348K, reserved 1146880K
  class space    used 13564K, capacity 14584K, committed 14668K, reserved 1048576K
}
Event: 225.503 GC heap before
{Heap before GC invocations=74 (full 0):
 garbage-first heap   total 391168K, used 333307K [0x0000000080000000, 0x0000000100000000)
  region size 1024K, 221 young (226304K), 13 survivors (13312K)
 Metaspace       used 112205K, capacity 115099K, committed 115188K, reserved 1148928K
  class space    used 14095K, capacity 15157K, committed 15180K, reserved 1048576K
}
Event: 225.509 GC heap after
{Heap after GC invocations=75 (full 0):
 garbage-first heap   total 391168K, used 118609K [0x0000000080000000, 0x0000000100000000)
  region size 1024K, 12 young (12288K), 12 survivors (12288K)
 Metaspace       used 112205K, capacity 115099K, committed 115188K, reserved 1148928K
  class space    used 14095K, capacity 15157K, committed 15180K, reserved 1048576K
}
Event: 524.395 GC heap before
{Heap before GC invocations=75 (full 0):
 garbage-first heap   total 391168K, used 333649K [0x0000000080000000, 0x0000000100000000)
  region size 1024K, 223 young (228352K), 12 survivors (12288K)
 Metaspace       used 119728K, capacity 123074K, committed 123252K, reserved 1157120K
  class space    used 14998K, capacity 16207K, committed 16332K, reserved 1048576K
}
Event: 524.408 GC heap after
{Heap after GC invocations=76 (full 0):
 garbage-first heap   total 391168K, used 125952K [0x0000000080000000, 0x0000000100000000)
  region size 1024K, 19 young (19456K), 19 survivors (19456K)
 Metaspace       used 119728K, capacity 123074K, committed 123252K, reserved 1157120K
  class space    used 14998K, capacity 16207K, committed 16332K, reserved 1048576K
}
Event: 533.764 GC heap before
{Heap before GC invocations=76 (full 0):
 garbage-first heap   total 391168K, used 330752K [0x0000000080000000, 0x0000000100000000)
  region size 1024K, 220 young (225280K), 19 survivors (19456K)
 Metaspace       used 120269K, capacity 123809K, committed 124020K, reserved 1157120K
  class space    used 15024K, capacity 16268K, committed 16332K, reserved 1048576K
}
Event: 533.777 GC heap after
{Heap after GC invocations=77 (full 0):
 garbage-first heap   total 391168K, used 132266K [0x0000000080000000, 0x0000000100000000)
  region size 1024K, 20 young (20480K), 20 survivors (20480K)
 Metaspace       used 120269K, capacity 123809K, committed 124020K, reserved 1157120K
  class space    used 15024K, capacity 16268K, committed 16332K, reserved 1048576K
}
Event: 535.477 GC heap before
{Heap before GC invocations=77 (full 0):
 garbage-first heap   total 391168K, used 336042K [0x0000000080000000, 0x0000000100000000)
  region size 1024K, 213 young (218112K), 20 survivors (20480K)
 Metaspace       used 120369K, capacity 123825K, committed 124020K, reserved 1157120K
  class space    used 15024K, capacity 16268K, committed 16332K, reserved 1048576K
}
Event: 535.486 GC heap after
{Heap after GC invocations=78 (full 0):
 garbage-first heap   total 391168K, used 137978K [0x0000000080000000, 0x0000000100000000)
  region size 1024K, 12 young (12288K), 12 survivors (12288K)
 Metaspace       used 120369K, capacity 123825K, committed 124020K, reserved 1157120K
  class space    used 15024K, capacity 16268K, committed 16332K, reserved 1048576K
}
Event: 536.364 GC heap before
{Heap before GC invocations=78 (full 0):
 garbage-first heap   total 391168K, used 333562K [0x0000000080000000, 0x0000000100000000)
  region size 1024K, 203 young (207872K), 12 survivors (12288K)
 Metaspace       used 120400K, capacity 123965K, committed 124276K, reserved 1157120K
  class space    used 15026K, capacity 16270K, committed 16332K, reserved 1048576K
}
Event: 536.368 GC heap after
{Heap after GC invocations=79 (full 0):
 garbage-first heap   total 391168K, used 132989K [0x0000000080000000, 0x0000000100000000)
  region size 1024K, 8 young (8192K), 8 survivors (8192K)
 Metaspace       used 120400K, capacity 123965K, committed 124276K, reserved 1157120K
  class space    used 15026K, capacity 16270K, committed 16332K, reserved 1048576K
}
Event: 1380.203 GC heap before
{Heap before GC invocations=79 (full 0):
 garbage-first heap   total 391168K, used 334717K [0x0000000080000000, 0x0000000100000000)
  region size 1024K, 206 young (210944K), 8 survivors (8192K)
 Metaspace       used 122265K, capacity 126115K, committed 126324K, reserved 1159168K
  class space    used 15233K, capacity 16570K, committed 16588K, reserved 1048576K
}
Event: 1380.213 GC heap after
{Heap after GC invocations=80 (full 0):
 garbage-first heap   total 391168K, used 139533K [0x0000000080000000, 0x0000000100000000)
  region size 1024K, 15 young (15360K), 15 survivors (15360K)
 Metaspace       used 122265K, capacity 126115K, committed 126324K, reserved 1159168K
  class space    used 15233K, capacity 16570K, committed 16588K, reserved 1048576K
}

